{
"contracts/BUNGame.sol":{"l":{"23":0,"24":0,"28":0,"32":0,"87":0,"88":0,"89":0,"90":0,"91":0,"96":0,"97":0,"106":0,"107":0,"115":0,"116":0,"120":0,"128":0,"129":0,"130":0,"138":0,"139":0,"146":0,"154":0,"156":0,"158":0,"159":0,"161":0,"169":0,"173":0,"174":0,"176":0,"183":0,"191":0,"192":0,"194":0,"206":0,"207":0,"208":0,"213":0,"217":0,"218":0,"224":0,"225":0,"228":0,"229":0,"230":0,"231":0,"233":0,"241":0,"242":0,"244":0,"245":0,"246":0,"247":0,"251":0,"252":0,"254":0,"257":0,"259":0,"260":0,"262":0,"263":0,"264":0,"268":0,"274":0,"275":0,"283":0,"284":0,"285":0,"287":0,"289":0,"290":0,"293":0,"298":0,"299":0},"path":"/Users/lucjfer/Desktop/project/cotyphu/contract/contracts/BUNGame.sol","s":{"1":0,"2":0,"3":0,"4":0,"5":0,"6":0,"7":0,"8":0,"9":0,"10":0,"11":0,"12":0,"13":0,"14":0,"15":0,"16":0,"17":0,"18":0,"19":0,"20":0,"21":0,"22":0,"23":0,"24":0,"25":0,"26":0,"27":0,"28":0,"29":0,"30":0,"31":0,"32":0,"33":0,"34":0,"35":0,"36":0,"37":0,"38":0,"39":0,"40":0,"41":0,"42":0,"43":0,"44":0,"45":0,"46":0,"47":0,"48":0,"49":0,"50":0,"51":0,"52":0,"53":0,"54":0,"55":0,"56":0,"57":0,"58":0,"59":0,"60":0,"61":0,"62":0,"63":0,"64":0,"65":0,"66":0,"67":0,"68":0,"69":0,"70":0,"71":0,"72":0,"73":0},"b":{"1":[0,0],"2":[0,0],"3":[0,0],"4":[0,0],"5":[0,0],"6":[0,0],"7":[0,0],"8":[0,0],"9":[0,0],"10":[0,0],"11":[0,0],"12":[0,0],"13":[0,0]},"f":{"1":0,"2":0,"3":0,"4":0,"5":0,"6":0,"7":0,"8":0,"9":0,"10":0,"11":0,"12":0,"13":0,"14":0,"15":0,"16":0,"17":0,"18":0,"19":0},"fnMap":{"1":{"name":"initialize","line":22,"loc":{"start":{"line":22,"column":2},"end":{"line":25,"column":2}}},"2":{"name":"withdraw","line":27,"loc":{"start":{"line":27,"column":2},"end":{"line":29,"column":2}}},"3":{"name":"deposit","line":31,"loc":{"start":{"line":31,"column":2},"end":{"line":33,"column":2}}},"4":{"name":"constructor","line":80,"loc":{"start":{"line":80,"column":2},"end":{"line":80,"column":29}}},"5":{"name":"initialize","line":86,"loc":{"start":{"line":82,"column":2},"end":{"line":92,"column":2}}},"6":{"name":"onlyAgent","line":95,"loc":{"start":{"line":95,"column":2},"end":{"line":98,"column":2}}},"7":{"name":"addTypeRoom","line":105,"loc":{"start":{"line":105,"column":2},"end":{"line":108,"column":2}}},"8":{"name":"setTypeRoom","line":114,"loc":{"start":{"line":110,"column":2},"end":{"line":117,"column":2}}},"9":{"name":"totalTypeRoom","line":119,"loc":{"start":{"line":119,"column":2},"end":{"line":121,"column":2}}},"10":{"name":"setAgent","line":127,"loc":{"start":{"line":127,"column":2},"end":{"line":131,"column":2}}},"11":{"name":"setGameFee","line":137,"loc":{"start":{"line":137,"column":2},"end":{"line":140,"column":2}}},"12":{"name":"balanceOf","line":145,"loc":{"start":{"line":145,"column":2},"end":{"line":147,"column":2}}},"13":{"name":"deposit","line":153,"loc":{"start":{"line":153,"column":2},"end":{"line":162,"column":2}}},"14":{"name":"withdraw","line":168,"loc":{"start":{"line":168,"column":2},"end":{"line":177,"column":2}}},"15":{"name":"getFee","line":182,"loc":{"start":{"line":182,"column":2},"end":{"line":184,"column":2}}},"16":{"name":"withdrawFee","line":190,"loc":{"start":{"line":190,"column":2},"end":{"line":195,"column":2}}},"17":{"name":"startGame","line":205,"loc":{"start":{"line":201,"column":2},"end":{"line":234,"column":2}}},"18":{"name":"endGame","line":240,"loc":{"start":{"line":240,"column":2},"end":{"line":276,"column":2}}},"19":{"name":"forceEndGame","line":282,"loc":{"start":{"line":282,"column":2},"end":{"line":300,"column":2}}}},"statementMap":{"1":{"start":{"line":23,"column":4},"end":{"line":23,"column":23}},"2":{"start":{"line":24,"column":4},"end":{"line":24,"column":19}},"3":{"start":{"line":28,"column":4},"end":{"line":28,"column":55}},"4":{"start":{"line":32,"column":4},"end":{"line":32,"column":76}},"5":{"start":{"line":87,"column":4},"end":{"line":87,"column":43}},"6":{"start":{"line":88,"column":4},"end":{"line":88,"column":44}},"7":{"start":{"line":89,"column":4},"end":{"line":89,"column":17}},"8":{"start":{"line":90,"column":4},"end":{"line":90,"column":21}},"9":{"start":{"line":91,"column":4},"end":{"line":91,"column":19}},"10":{"start":{"line":96,"column":4},"end":{"line":96,"column":54}},"11":{"start":{"line":106,"column":4},"end":{"line":106,"column":48}},"12":{"start":{"line":107,"column":4},"end":{"line":107,"column":53}},"13":{"start":{"line":115,"column":4},"end":{"line":115,"column":35}},"14":{"start":{"line":116,"column":4},"end":{"line":116,"column":33}},"15":{"start":{"line":120,"column":4},"end":{"line":120,"column":31}},"16":{"start":{"line":128,"column":4},"end":{"line":128,"column":28}},"17":{"start":{"line":129,"column":4},"end":{"line":129,"column":17}},"18":{"start":{"line":130,"column":4},"end":{"line":130,"column":35}},"19":{"start":{"line":138,"column":4},"end":{"line":138,"column":74}},"20":{"start":{"line":139,"column":4},"end":{"line":139,"column":21}},"21":{"start":{"line":146,"column":4},"end":{"line":146,"column":30}},"22":{"start":{"line":154,"column":4},"end":{"line":154,"column":60}},"23":{"start":{"line":156,"column":4},"end":{"line":156,"column":61}},"24":{"start":{"line":158,"column":4},"end":{"line":158,"column":49}},"25":{"start":{"line":159,"column":4},"end":{"line":159,"column":43}},"26":{"start":{"line":161,"column":4},"end":{"line":161,"column":37}},"27":{"start":{"line":169,"column":4},"end":{"line":169,"column":4345}},"28":{"start":{"line":173,"column":4},"end":{"line":173,"column":61}},"29":{"start":{"line":174,"column":4},"end":{"line":174,"column":61}},"30":{"start":{"line":176,"column":4},"end":{"line":176,"column":38}},"31":{"start":{"line":183,"column":4},"end":{"line":183,"column":14}},"32":{"start":{"line":191,"column":4},"end":{"line":191,"column":32}},"33":{"start":{"line":192,"column":4},"end":{"line":192,"column":41}},"34":{"start":{"line":194,"column":4},"end":{"line":194,"column":37}},"35":{"start":{"line":206,"column":4},"end":{"line":206,"column":66}},"36":{"start":{"line":207,"column":4},"end":{"line":207,"column":52}},"37":{"start":{"line":208,"column":4},"end":{"line":208,"column":5365}},"38":{"start":{"line":213,"column":4},"end":{"line":213,"column":58}},"39":{"start":{"line":217,"column":4},"end":{"line":217,"column":5605}},"40":{"start":{"line":218,"column":6},"end":{"line":218,"column":5659}},"41":{"start":{"line":224,"column":4},"end":{"line":224,"column":5771}},"42":{"start":{"line":225,"column":6},"end":{"line":225,"column":74}},"43":{"start":{"line":228,"column":4},"end":{"line":228,"column":38}},"44":{"start":{"line":229,"column":4},"end":{"line":229,"column":18}},"45":{"start":{"line":230,"column":4},"end":{"line":230,"column":26}},"46":{"start":{"line":231,"column":4},"end":{"line":231,"column":18}},"47":{"start":{"line":233,"column":4},"end":{"line":233,"column":27}},"48":{"start":{"line":241,"column":4},"end":{"line":241,"column":38}},"49":{"start":{"line":242,"column":4},"end":{"line":242,"column":50}},"50":{"start":{"line":244,"column":4},"end":{"line":244,"column":30}},"51":{"start":{"line":245,"column":4},"end":{"line":245,"column":6297}},"52":{"start":{"line":246,"column":6},"end":{"line":246,"column":6357}},"53":{"start":{"line":247,"column":8},"end":{"line":247,"column":27}},"54":{"start":{"line":251,"column":4},"end":{"line":251,"column":43}},"55":{"start":{"line":252,"column":4},"end":{"line":252,"column":62}},"56":{"start":{"line":254,"column":4},"end":{"line":254,"column":6550}},"57":{"start":{"line":257,"column":4},"end":{"line":257,"column":77}},"58":{"start":{"line":259,"column":4},"end":{"line":259,"column":27}},"59":{"start":{"line":260,"column":4},"end":{"line":260,"column":54}},"60":{"start":{"line":262,"column":4},"end":{"line":262,"column":6818}},"61":{"start":{"line":263,"column":6},"end":{"line":263,"column":6878}},"62":{"start":{"line":264,"column":8},"end":{"line":264,"column":6922}},"63":{"start":{"line":268,"column":8},"end":{"line":268,"column":7064}},"64":{"start":{"line":274,"column":4},"end":{"line":274,"column":18}},"65":{"start":{"line":275,"column":4},"end":{"line":275,"column":34}},"66":{"start":{"line":283,"column":4},"end":{"line":283,"column":37}},"67":{"start":{"line":284,"column":4},"end":{"line":284,"column":50}},"68":{"start":{"line":285,"column":4},"end":{"line":285,"column":62}},"69":{"start":{"line":287,"column":4},"end":{"line":287,"column":66}},"70":{"start":{"line":289,"column":4},"end":{"line":289,"column":7596}},"71":{"start":{"line":290,"column":6},"end":{"line":290,"column":7656}},"72":{"start":{"line":293,"column":6},"end":{"line":293,"column":7774}},"73":{"start":{"line":299,"column":4},"end":{"line":299,"column":30}}},"branchMap":{"1":{"line":96,"type":"if","locations":[{"start":{"line":96,"column":4},"end":{"line":96,"column":4}},{"start":{"line":96,"column":4},"end":{"line":96,"column":4}}]},"2":{"line":138,"type":"if","locations":[{"start":{"line":138,"column":4},"end":{"line":138,"column":4}},{"start":{"line":138,"column":4},"end":{"line":138,"column":4}}]},"3":{"line":169,"type":"if","locations":[{"start":{"line":169,"column":4},"end":{"line":169,"column":4}},{"start":{"line":169,"column":4},"end":{"line":169,"column":4}}]},"4":{"line":191,"type":"if","locations":[{"start":{"line":191,"column":4},"end":{"line":191,"column":4}},{"start":{"line":191,"column":4},"end":{"line":191,"column":4}}]},"5":{"line":206,"type":"if","locations":[{"start":{"line":206,"column":4},"end":{"line":206,"column":4}},{"start":{"line":206,"column":4},"end":{"line":206,"column":4}}]},"6":{"line":207,"type":"if","locations":[{"start":{"line":207,"column":4},"end":{"line":207,"column":4}},{"start":{"line":207,"column":4},"end":{"line":207,"column":4}}]},"7":{"line":208,"type":"if","locations":[{"start":{"line":208,"column":4},"end":{"line":208,"column":4}},{"start":{"line":208,"column":4},"end":{"line":208,"column":4}}]},"8":{"line":218,"type":"if","locations":[{"start":{"line":218,"column":6},"end":{"line":218,"column":6}},{"start":{"line":218,"column":6},"end":{"line":218,"column":6}}]},"9":{"line":242,"type":"if","locations":[{"start":{"line":242,"column":4},"end":{"line":242,"column":4}},{"start":{"line":242,"column":4},"end":{"line":242,"column":4}}]},"10":{"line":246,"type":"if","locations":[{"start":{"line":246,"column":6},"end":{"line":246,"column":6}},{"start":{"line":246,"column":6},"end":{"line":246,"column":6}}]},"11":{"line":251,"type":"if","locations":[{"start":{"line":251,"column":4},"end":{"line":251,"column":4}},{"start":{"line":251,"column":4},"end":{"line":251,"column":4}}]},"12":{"line":263,"type":"if","locations":[{"start":{"line":263,"column":6},"end":{"line":263,"column":6}},{"start":{"line":263,"column":6},"end":{"line":263,"column":6}}]},"13":{"line":284,"type":"if","locations":[{"start":{"line":284,"column":4},"end":{"line":284,"column":4}},{"start":{"line":284,"column":4},"end":{"line":284,"column":4}}]}}},
"contracts/BUNGameV2.sol":{"l":{"23":0,"24":0,"28":0,"32":0,"84":0,"85":0,"86":0,"87":0,"88":0,"93":0,"94":0,"103":0,"104":0,"112":0,"113":0,"117":0,"125":0,"126":0,"127":0,"135":0,"136":0,"143":0,"151":0,"153":0,"155":0,"156":0,"158":0,"166":0,"170":0,"171":0,"173":0,"180":0,"188":0,"189":0,"191":0,"203":0,"204":0,"205":0,"210":0,"214":0,"215":0,"221":0,"222":0,"225":0,"226":0,"227":0,"228":0,"230":0,"238":0,"239":0,"241":0,"242":0,"243":0,"244":0,"248":0,"249":0,"251":0,"254":0,"256":0,"257":0,"259":0,"260":0,"261":0,"265":0,"271":0,"272":0,"280":0,"281":0,"282":0,"284":0,"286":0,"287":0,"290":0,"295":0,"296":0},"path":"/Users/lucjfer/Desktop/project/cotyphu/contract/contracts/BUNGameV2.sol","s":{"1":0,"2":0,"3":0,"4":0,"5":0,"6":0,"7":0,"8":0,"9":0,"10":0,"11":0,"12":0,"13":0,"14":0,"15":0,"16":0,"17":0,"18":0,"19":0,"20":0,"21":0,"22":0,"23":0,"24":0,"25":0,"26":0,"27":0,"28":0,"29":0,"30":0,"31":0,"32":0,"33":0,"34":0,"35":0,"36":0,"37":0,"38":0,"39":0,"40":0,"41":0,"42":0,"43":0,"44":0,"45":0,"46":0,"47":0,"48":0,"49":0,"50":0,"51":0,"52":0,"53":0,"54":0,"55":0,"56":0,"57":0,"58":0,"59":0,"60":0,"61":0,"62":0,"63":0,"64":0,"65":0,"66":0,"67":0,"68":0,"69":0,"70":0,"71":0,"72":0,"73":0},"b":{"1":[0,0],"2":[0,0],"3":[0,0],"4":[0,0],"5":[0,0],"6":[0,0],"7":[0,0],"8":[0,0],"9":[0,0],"10":[0,0],"11":[0,0],"12":[0,0],"13":[0,0]},"f":{"1":0,"2":0,"3":0,"4":0,"5":0,"6":0,"7":0,"8":0,"9":0,"10":0,"11":0,"12":0,"13":0,"14":0,"15":0,"16":0,"17":0,"18":0},"fnMap":{"1":{"name":"initialize","line":22,"loc":{"start":{"line":22,"column":2},"end":{"line":25,"column":2}}},"2":{"name":"withdraw","line":27,"loc":{"start":{"line":27,"column":2},"end":{"line":29,"column":2}}},"3":{"name":"deposit","line":31,"loc":{"start":{"line":31,"column":2},"end":{"line":33,"column":2}}},"4":{"name":"initialize","line":83,"loc":{"start":{"line":79,"column":2},"end":{"line":89,"column":2}}},"5":{"name":"onlyAgent","line":92,"loc":{"start":{"line":92,"column":2},"end":{"line":95,"column":2}}},"6":{"name":"addTypeRoom","line":102,"loc":{"start":{"line":102,"column":2},"end":{"line":105,"column":2}}},"7":{"name":"setTypeRoom","line":111,"loc":{"start":{"line":107,"column":2},"end":{"line":114,"column":2}}},"8":{"name":"totalTypeRoom","line":116,"loc":{"start":{"line":116,"column":2},"end":{"line":118,"column":2}}},"9":{"name":"setAgent","line":124,"loc":{"start":{"line":124,"column":2},"end":{"line":128,"column":2}}},"10":{"name":"setGameFee","line":134,"loc":{"start":{"line":134,"column":2},"end":{"line":137,"column":2}}},"11":{"name":"balanceOf","line":142,"loc":{"start":{"line":142,"column":2},"end":{"line":144,"column":2}}},"12":{"name":"deposit","line":150,"loc":{"start":{"line":150,"column":2},"end":{"line":159,"column":2}}},"13":{"name":"withdraw","line":165,"loc":{"start":{"line":165,"column":2},"end":{"line":174,"column":2}}},"14":{"name":"getFee","line":179,"loc":{"start":{"line":179,"column":2},"end":{"line":181,"column":2}}},"15":{"name":"withdrawFee","line":187,"loc":{"start":{"line":187,"column":2},"end":{"line":192,"column":2}}},"16":{"name":"startGame","line":202,"loc":{"start":{"line":198,"column":2},"end":{"line":231,"column":2}}},"17":{"name":"endGame","line":237,"loc":{"start":{"line":237,"column":2},"end":{"line":273,"column":2}}},"18":{"name":"forceEndGame","line":279,"loc":{"start":{"line":279,"column":2},"end":{"line":297,"column":2}}}},"statementMap":{"1":{"start":{"line":23,"column":4},"end":{"line":23,"column":23}},"2":{"start":{"line":24,"column":4},"end":{"line":24,"column":19}},"3":{"start":{"line":28,"column":4},"end":{"line":28,"column":55}},"4":{"start":{"line":32,"column":4},"end":{"line":32,"column":76}},"5":{"start":{"line":84,"column":4},"end":{"line":84,"column":43}},"6":{"start":{"line":85,"column":4},"end":{"line":85,"column":44}},"7":{"start":{"line":86,"column":4},"end":{"line":86,"column":17}},"8":{"start":{"line":87,"column":4},"end":{"line":87,"column":21}},"9":{"start":{"line":88,"column":4},"end":{"line":88,"column":19}},"10":{"start":{"line":93,"column":4},"end":{"line":93,"column":54}},"11":{"start":{"line":103,"column":4},"end":{"line":103,"column":48}},"12":{"start":{"line":104,"column":4},"end":{"line":104,"column":53}},"13":{"start":{"line":112,"column":4},"end":{"line":112,"column":35}},"14":{"start":{"line":113,"column":4},"end":{"line":113,"column":33}},"15":{"start":{"line":117,"column":4},"end":{"line":117,"column":31}},"16":{"start":{"line":125,"column":4},"end":{"line":125,"column":28}},"17":{"start":{"line":126,"column":4},"end":{"line":126,"column":17}},"18":{"start":{"line":127,"column":4},"end":{"line":127,"column":35}},"19":{"start":{"line":135,"column":4},"end":{"line":135,"column":74}},"20":{"start":{"line":136,"column":4},"end":{"line":136,"column":21}},"21":{"start":{"line":143,"column":4},"end":{"line":143,"column":30}},"22":{"start":{"line":151,"column":4},"end":{"line":151,"column":60}},"23":{"start":{"line":153,"column":4},"end":{"line":153,"column":61}},"24":{"start":{"line":155,"column":4},"end":{"line":155,"column":49}},"25":{"start":{"line":156,"column":4},"end":{"line":156,"column":43}},"26":{"start":{"line":158,"column":4},"end":{"line":158,"column":37}},"27":{"start":{"line":166,"column":4},"end":{"line":166,"column":4262}},"28":{"start":{"line":170,"column":4},"end":{"line":170,"column":61}},"29":{"start":{"line":171,"column":4},"end":{"line":171,"column":61}},"30":{"start":{"line":173,"column":4},"end":{"line":173,"column":38}},"31":{"start":{"line":180,"column":4},"end":{"line":180,"column":14}},"32":{"start":{"line":188,"column":4},"end":{"line":188,"column":32}},"33":{"start":{"line":189,"column":4},"end":{"line":189,"column":41}},"34":{"start":{"line":191,"column":4},"end":{"line":191,"column":37}},"35":{"start":{"line":203,"column":4},"end":{"line":203,"column":66}},"36":{"start":{"line":204,"column":4},"end":{"line":204,"column":52}},"37":{"start":{"line":205,"column":4},"end":{"line":205,"column":5282}},"38":{"start":{"line":210,"column":4},"end":{"line":210,"column":58}},"39":{"start":{"line":214,"column":4},"end":{"line":214,"column":5522}},"40":{"start":{"line":215,"column":6},"end":{"line":215,"column":5576}},"41":{"start":{"line":221,"column":4},"end":{"line":221,"column":5688}},"42":{"start":{"line":222,"column":6},"end":{"line":222,"column":74}},"43":{"start":{"line":225,"column":4},"end":{"line":225,"column":38}},"44":{"start":{"line":226,"column":4},"end":{"line":226,"column":18}},"45":{"start":{"line":227,"column":4},"end":{"line":227,"column":26}},"46":{"start":{"line":228,"column":4},"end":{"line":228,"column":18}},"47":{"start":{"line":230,"column":4},"end":{"line":230,"column":27}},"48":{"start":{"line":238,"column":4},"end":{"line":238,"column":38}},"49":{"start":{"line":239,"column":4},"end":{"line":239,"column":50}},"50":{"start":{"line":241,"column":4},"end":{"line":241,"column":30}},"51":{"start":{"line":242,"column":4},"end":{"line":242,"column":6214}},"52":{"start":{"line":243,"column":6},"end":{"line":243,"column":6274}},"53":{"start":{"line":244,"column":8},"end":{"line":244,"column":27}},"54":{"start":{"line":248,"column":4},"end":{"line":248,"column":43}},"55":{"start":{"line":249,"column":4},"end":{"line":249,"column":62}},"56":{"start":{"line":251,"column":4},"end":{"line":251,"column":6467}},"57":{"start":{"line":254,"column":4},"end":{"line":254,"column":77}},"58":{"start":{"line":256,"column":4},"end":{"line":256,"column":27}},"59":{"start":{"line":257,"column":4},"end":{"line":257,"column":54}},"60":{"start":{"line":259,"column":4},"end":{"line":259,"column":6735}},"61":{"start":{"line":260,"column":6},"end":{"line":260,"column":6795}},"62":{"start":{"line":261,"column":8},"end":{"line":261,"column":6839}},"63":{"start":{"line":265,"column":8},"end":{"line":265,"column":6981}},"64":{"start":{"line":271,"column":4},"end":{"line":271,"column":18}},"65":{"start":{"line":272,"column":4},"end":{"line":272,"column":34}},"66":{"start":{"line":280,"column":4},"end":{"line":280,"column":37}},"67":{"start":{"line":281,"column":4},"end":{"line":281,"column":50}},"68":{"start":{"line":282,"column":4},"end":{"line":282,"column":62}},"69":{"start":{"line":284,"column":4},"end":{"line":284,"column":66}},"70":{"start":{"line":286,"column":4},"end":{"line":286,"column":7513}},"71":{"start":{"line":287,"column":6},"end":{"line":287,"column":7573}},"72":{"start":{"line":290,"column":6},"end":{"line":290,"column":7691}},"73":{"start":{"line":296,"column":4},"end":{"line":296,"column":30}}},"branchMap":{"1":{"line":93,"type":"if","locations":[{"start":{"line":93,"column":4},"end":{"line":93,"column":4}},{"start":{"line":93,"column":4},"end":{"line":93,"column":4}}]},"2":{"line":135,"type":"if","locations":[{"start":{"line":135,"column":4},"end":{"line":135,"column":4}},{"start":{"line":135,"column":4},"end":{"line":135,"column":4}}]},"3":{"line":166,"type":"if","locations":[{"start":{"line":166,"column":4},"end":{"line":166,"column":4}},{"start":{"line":166,"column":4},"end":{"line":166,"column":4}}]},"4":{"line":188,"type":"if","locations":[{"start":{"line":188,"column":4},"end":{"line":188,"column":4}},{"start":{"line":188,"column":4},"end":{"line":188,"column":4}}]},"5":{"line":203,"type":"if","locations":[{"start":{"line":203,"column":4},"end":{"line":203,"column":4}},{"start":{"line":203,"column":4},"end":{"line":203,"column":4}}]},"6":{"line":204,"type":"if","locations":[{"start":{"line":204,"column":4},"end":{"line":204,"column":4}},{"start":{"line":204,"column":4},"end":{"line":204,"column":4}}]},"7":{"line":205,"type":"if","locations":[{"start":{"line":205,"column":4},"end":{"line":205,"column":4}},{"start":{"line":205,"column":4},"end":{"line":205,"column":4}}]},"8":{"line":215,"type":"if","locations":[{"start":{"line":215,"column":6},"end":{"line":215,"column":6}},{"start":{"line":215,"column":6},"end":{"line":215,"column":6}}]},"9":{"line":239,"type":"if","locations":[{"start":{"line":239,"column":4},"end":{"line":239,"column":4}},{"start":{"line":239,"column":4},"end":{"line":239,"column":4}}]},"10":{"line":243,"type":"if","locations":[{"start":{"line":243,"column":6},"end":{"line":243,"column":6}},{"start":{"line":243,"column":6},"end":{"line":243,"column":6}}]},"11":{"line":248,"type":"if","locations":[{"start":{"line":248,"column":4},"end":{"line":248,"column":4}},{"start":{"line":248,"column":4},"end":{"line":248,"column":4}}]},"12":{"line":260,"type":"if","locations":[{"start":{"line":260,"column":6},"end":{"line":260,"column":6}},{"start":{"line":260,"column":6},"end":{"line":260,"column":6}}]},"13":{"line":281,"type":"if","locations":[{"start":{"line":281,"column":4},"end":{"line":281,"column":4}},{"start":{"line":281,"column":4},"end":{"line":281,"column":4}}]}}},
"contracts/BunNFT.sol":{"l":{"21":0,"22":0,"23":0,"24":0,"25":0,"29":0,"33":0,"37":0,"38":0,"46":0,"57":0,"61":0},"path":"/Users/lucjfer/Desktop/project/cotyphu/contract/contracts/BunNFT.sol","s":{"1":0,"2":0,"3":0,"4":0,"5":0,"6":0,"7":0,"8":0,"9":0,"10":0,"11":0,"12":0},"b":{},"f":{"1":0,"2":0,"3":0,"4":0,"5":0,"6":0,"7":0,"8":0},"fnMap":{"1":{"name":"constructor","line":18,"loc":{"start":{"line":18,"column":4},"end":{"line":18,"column":31}}},"2":{"name":"initialize","line":20,"loc":{"start":{"line":20,"column":4},"end":{"line":26,"column":4}}},"3":{"name":"pause","line":28,"loc":{"start":{"line":28,"column":4},"end":{"line":30,"column":4}}},"4":{"name":"unpause","line":32,"loc":{"start":{"line":32,"column":4},"end":{"line":34,"column":4}}},"5":{"name":"safeMint","line":36,"loc":{"start":{"line":36,"column":4},"end":{"line":39,"column":4}}},"6":{"name":"_beforeTokenTransfer","line":43,"loc":{"start":{"line":41,"column":4},"end":{"line":47,"column":4}}},"7":{"name":"supportsInterface","line":51,"loc":{"start":{"line":51,"column":4},"end":{"line":58,"column":4}}},"8":{"name":"currentCounter","line":60,"loc":{"start":{"line":60,"column":4},"end":{"line":62,"column":1}}}},"statementMap":{"1":{"start":{"line":21,"column":8},"end":{"line":21,"column":38}},"2":{"start":{"line":22,"column":8},"end":{"line":22,"column":32}},"3":{"start":{"line":23,"column":8},"end":{"line":23,"column":24}},"4":{"start":{"line":24,"column":8},"end":{"line":24,"column":23}},"5":{"start":{"line":25,"column":8},"end":{"line":25,"column":30}},"6":{"start":{"line":29,"column":8},"end":{"line":29,"column":15}},"7":{"start":{"line":33,"column":8},"end":{"line":33,"column":17}},"8":{"start":{"line":37,"column":8},"end":{"line":37,"column":47}},"9":{"start":{"line":38,"column":8},"end":{"line":38,"column":34}},"10":{"start":{"line":46,"column":8},"end":{"line":46,"column":52}},"11":{"start":{"line":57,"column":8},"end":{"line":57,"column":51}},"12":{"start":{"line":61,"column":2},"end":{"line":61,"column":34}}},"branchMap":{}},
"contracts/BunRewardVault.sol":{"l":{"22":42,"23":42,"27":0,"31":5},"path":"/Users/lucjfer/Desktop/project/cotyphu/contract/contracts/BunRewardVault.sol","s":{"1":42,"2":42,"3":0,"4":5},"b":{},"f":{"1":42,"2":0,"3":5},"fnMap":{"1":{"name":"initialize","line":21,"loc":{"start":{"line":21,"column":2},"end":{"line":24,"column":2}}},"2":{"name":"withdraw","line":26,"loc":{"start":{"line":26,"column":2},"end":{"line":28,"column":2}}},"3":{"name":"deposit","line":30,"loc":{"start":{"line":30,"column":2},"end":{"line":32,"column":2}}}},"statementMap":{"1":{"start":{"line":22,"column":4},"end":{"line":22,"column":23}},"2":{"start":{"line":23,"column":4},"end":{"line":23,"column":19}},"3":{"start":{"line":27,"column":4},"end":{"line":27,"column":55}},"4":{"start":{"line":31,"column":4},"end":{"line":31,"column":76}}},"branchMap":{}},
"contracts/BunToken.sol":{"l":{"10":45,"14":0},"path":"/Users/lucjfer/Desktop/project/cotyphu/contract/contracts/BunToken.sol","s":{"1":45,"2":0},"b":{},"f":{"1":45,"2":0},"fnMap":{"1":{"name":"constructor","line":9,"loc":{"start":{"line":9,"column":4},"end":{"line":11,"column":4}}},"2":{"name":"mint","line":13,"loc":{"start":{"line":13,"column":4},"end":{"line":15,"column":4}}}},"statementMap":{"1":{"start":{"line":10,"column":8},"end":{"line":10,"column":51}},"2":{"start":{"line":14,"column":8},"end":{"line":14,"column":24}}},"branchMap":{}},
"contracts/EliteWorld.sol":{"l":{"28":10,"29":10,"33":9,"34":9,"38":8,"39":8,"50":8,"58":4,"63":0,"71":0,"72":0,"73":0,"74":0,"75":0,"76":0,"79":0,"91":8,"92":8,"93":8,"94":8,"98":1,"99":1,"100":1,"108":1,"122":2,"123":1,"124":1,"125":1,"126":1,"128":1,"129":1,"130":1,"131":1,"132":1,"136":1,"140":1,"144":1,"149":1,"150":1,"151":1,"153":1,"154":1,"155":1,"157":1,"158":1,"159":1,"161":1,"162":1,"163":1,"165":1,"170":3,"171":3,"172":3,"174":3,"176":3},"path":"/Users/lucjfer/Desktop/project/cotyphu/contract/contracts/EliteWorld.sol","s":{"1":10,"2":9,"3":8,"4":8,"5":4,"6":0,"7":0,"8":0,"9":0,"10":0,"11":0,"12":0,"13":8,"14":8,"15":8,"16":8,"17":1,"18":1,"19":1,"20":1,"21":2,"22":1,"23":1,"24":1,"25":1,"26":1,"27":1,"28":1,"29":1,"30":1,"31":1,"32":1,"33":1,"34":1,"35":1,"36":1,"37":1,"38":1,"39":1,"40":1,"41":1,"42":1,"43":1,"44":1,"45":1,"46":1,"47":3,"48":3,"49":3,"50":3,"51":3},"b":{"1":[10,0],"2":[9,0],"3":[8,0],"4":[0,0],"5":[1,1],"6":[1,0],"7":[1,0],"8":[1,0],"9":[1,0],"10":[1,0],"11":[1,0],"12":[1,0],"13":[1,0],"14":[3,0]},"f":{"1":10,"2":9,"3":8,"4":8,"5":4,"6":0,"7":0,"8":8,"9":1,"10":1,"11":2,"12":3},"fnMap":{"1":{"name":"onlyAgent","line":27,"loc":{"start":{"line":27,"column":4},"end":{"line":30,"column":4}}},"2":{"name":"itemExist","line":32,"loc":{"start":{"line":32,"column":4},"end":{"line":35,"column":4}}},"3":{"name":"itemNotExist","line":37,"loc":{"start":{"line":37,"column":4},"end":{"line":40,"column":4}}},"4":{"name":"getItemId","line":47,"loc":{"start":{"line":44,"column":4},"end":{"line":51,"column":4}}},"5":{"name":"compareStringsbyBytes","line":53,"loc":{"start":{"line":53,"column":4},"end":{"line":60,"column":4}}},"6":{"name":"getItemsLength","line":62,"loc":{"start":{"line":62,"column":4},"end":{"line":64,"column":4}}},"7":{"name":"getItemsByType","line":66,"loc":{"start":{"line":66,"column":4},"end":{"line":80,"column":4}}},"8":{"name":"setItem","line":90,"loc":{"start":{"line":84,"column":4},"end":{"line":95,"column":4}}},"9":{"name":"editPriceItem","line":97,"loc":{"start":{"line":97,"column":4},"end":{"line":101,"column":4}}},"10":{"name":"setFreeItem","line":106,"loc":{"start":{"line":103,"column":4},"end":{"line":109,"column":4}}},"11":{"name":"buyFreeItems","line":116,"loc":{"start":{"line":116,"column":4},"end":{"line":166,"column":4}}},"12":{"name":"buyItem","line":169,"loc":{"start":{"line":169,"column":4},"end":{"line":177,"column":4}}}},"statementMap":{"1":{"start":{"line":28,"column":8},"end":{"line":28,"column":58}},"2":{"start":{"line":33,"column":8},"end":{"line":33,"column":55}},"3":{"start":{"line":38,"column":8},"end":{"line":38,"column":60}},"4":{"start":{"line":50,"column":8},"end":{"line":50,"column":36}},"5":{"start":{"line":58,"column":8},"end":{"line":58,"column":1505}},"6":{"start":{"line":63,"column":8},"end":{"line":63,"column":27}},"7":{"start":{"line":71,"column":8},"end":{"line":71,"column":74}},"8":{"start":{"line":72,"column":8},"end":{"line":72,"column":27}},"9":{"start":{"line":73,"column":8},"end":{"line":73,"column":1864}},"10":{"start":{"line":74,"column":12},"end":{"line":74,"column":1925}},"11":{"start":{"line":75,"column":16},"end":{"line":75,"column":34}},"12":{"start":{"line":79,"column":8},"end":{"line":79,"column":21}},"13":{"start":{"line":91,"column":8},"end":{"line":91,"column":56}},"14":{"start":{"line":92,"column":8},"end":{"line":92,"column":39}},"15":{"start":{"line":93,"column":8},"end":{"line":93,"column":67}},"16":{"start":{"line":94,"column":8},"end":{"line":94,"column":33}},"17":{"start":{"line":98,"column":8},"end":{"line":98,"column":35}},"18":{"start":{"line":99,"column":8},"end":{"line":99,"column":37}},"19":{"start":{"line":100,"column":8},"end":{"line":100,"column":26}},"20":{"start":{"line":108,"column":8},"end":{"line":108,"column":33}},"21":{"start":{"line":122,"column":8},"end":{"line":122,"column":71}},"22":{"start":{"line":123,"column":8},"end":{"line":123,"column":66}},"23":{"start":{"line":124,"column":8},"end":{"line":124,"column":61}},"24":{"start":{"line":125,"column":8},"end":{"line":125,"column":61}},"25":{"start":{"line":126,"column":8},"end":{"line":126,"column":61}},"26":{"start":{"line":128,"column":8},"end":{"line":128,"column":37}},"27":{"start":{"line":129,"column":8},"end":{"line":129,"column":37}},"28":{"start":{"line":130,"column":8},"end":{"line":130,"column":37}},"29":{"start":{"line":131,"column":8},"end":{"line":131,"column":37}},"30":{"start":{"line":132,"column":8},"end":{"line":132,"column":3759}},"31":{"start":{"line":136,"column":8},"end":{"line":136,"column":3894}},"32":{"start":{"line":140,"column":8},"end":{"line":140,"column":4019}},"33":{"start":{"line":144,"column":8},"end":{"line":144,"column":4144}},"34":{"start":{"line":149,"column":8},"end":{"line":149,"column":49}},"35":{"start":{"line":150,"column":8},"end":{"line":150,"column":42}},"36":{"start":{"line":151,"column":8},"end":{"line":151,"column":51}},"37":{"start":{"line":153,"column":8},"end":{"line":153,"column":49}},"38":{"start":{"line":154,"column":8},"end":{"line":154,"column":42}},"39":{"start":{"line":155,"column":8},"end":{"line":155,"column":51}},"40":{"start":{"line":157,"column":8},"end":{"line":157,"column":49}},"41":{"start":{"line":158,"column":8},"end":{"line":158,"column":42}},"42":{"start":{"line":159,"column":8},"end":{"line":159,"column":51}},"43":{"start":{"line":161,"column":8},"end":{"line":161,"column":49}},"44":{"start":{"line":162,"column":8},"end":{"line":162,"column":42}},"45":{"start":{"line":163,"column":8},"end":{"line":163,"column":51}},"46":{"start":{"line":165,"column":8},"end":{"line":165,"column":38}},"47":{"start":{"line":170,"column":8},"end":{"line":170,"column":35}},"48":{"start":{"line":171,"column":8},"end":{"line":171,"column":36}},"49":{"start":{"line":172,"column":8},"end":{"line":172,"column":64}},"50":{"start":{"line":174,"column":8},"end":{"line":174,"column":67}},"51":{"start":{"line":176,"column":8},"end":{"line":176,"column":43}}},"branchMap":{"1":{"line":28,"type":"if","locations":[{"start":{"line":28,"column":8},"end":{"line":28,"column":8}},{"start":{"line":28,"column":8},"end":{"line":28,"column":8}}]},"2":{"line":33,"type":"if","locations":[{"start":{"line":33,"column":8},"end":{"line":33,"column":8}},{"start":{"line":33,"column":8},"end":{"line":33,"column":8}}]},"3":{"line":38,"type":"if","locations":[{"start":{"line":38,"column":8},"end":{"line":38,"column":8}},{"start":{"line":38,"column":8},"end":{"line":38,"column":8}}]},"4":{"line":74,"type":"if","locations":[{"start":{"line":74,"column":12},"end":{"line":74,"column":12}},{"start":{"line":74,"column":12},"end":{"line":74,"column":12}}]},"5":{"line":122,"type":"if","locations":[{"start":{"line":122,"column":8},"end":{"line":122,"column":8}},{"start":{"line":122,"column":8},"end":{"line":122,"column":8}}]},"6":{"line":123,"type":"if","locations":[{"start":{"line":123,"column":8},"end":{"line":123,"column":8}},{"start":{"line":123,"column":8},"end":{"line":123,"column":8}}]},"7":{"line":124,"type":"if","locations":[{"start":{"line":124,"column":8},"end":{"line":124,"column":8}},{"start":{"line":124,"column":8},"end":{"line":124,"column":8}}]},"8":{"line":125,"type":"if","locations":[{"start":{"line":125,"column":8},"end":{"line":125,"column":8}},{"start":{"line":125,"column":8},"end":{"line":125,"column":8}}]},"9":{"line":126,"type":"if","locations":[{"start":{"line":126,"column":8},"end":{"line":126,"column":8}},{"start":{"line":126,"column":8},"end":{"line":126,"column":8}}]},"10":{"line":132,"type":"if","locations":[{"start":{"line":132,"column":8},"end":{"line":132,"column":8}},{"start":{"line":132,"column":8},"end":{"line":132,"column":8}}]},"11":{"line":136,"type":"if","locations":[{"start":{"line":136,"column":8},"end":{"line":136,"column":8}},{"start":{"line":136,"column":8},"end":{"line":136,"column":8}}]},"12":{"line":140,"type":"if","locations":[{"start":{"line":140,"column":8},"end":{"line":140,"column":8}},{"start":{"line":140,"column":8},"end":{"line":140,"column":8}}]},"13":{"line":144,"type":"if","locations":[{"start":{"line":144,"column":8},"end":{"line":144,"column":8}},{"start":{"line":144,"column":8},"end":{"line":144,"column":8}}]},"14":{"line":172,"type":"if","locations":[{"start":{"line":172,"column":8},"end":{"line":172,"column":8}},{"start":{"line":172,"column":8},"end":{"line":172,"column":8}}]}}},
"contracts/EliteWorldNFT.sol":{"l":{"34":15,"35":15,"36":15,"37":15,"38":15,"39":15,"40":15,"41":15,"42":15,"46":0,"50":0,"62":7,"71":0,"80":0,"89":0,"93":7,"94":7,"95":7},"path":"/Users/lucjfer/Desktop/project/cotyphu/contract/contracts/EliteWorldNFT.sol","s":{"1":15,"2":15,"3":15,"4":15,"5":15,"6":15,"7":15,"8":15,"9":15,"10":0,"11":0,"12":7,"13":0,"14":0,"15":0,"16":7,"17":7,"18":7},"b":{},"f":{"1":3,"2":15,"3":0,"4":0,"5":7,"6":0,"7":0,"8":0,"9":7},"fnMap":{"1":{"name":"constructor","line":31,"loc":{"start":{"line":31,"column":4},"end":{"line":31,"column":31}}},"2":{"name":"initialize","line":33,"loc":{"start":{"line":33,"column":4},"end":{"line":43,"column":4}}},"3":{"name":"pause","line":45,"loc":{"start":{"line":45,"column":4},"end":{"line":47,"column":4}}},"4":{"name":"unpause","line":49,"loc":{"start":{"line":49,"column":4},"end":{"line":51,"column":4}}},"5":{"name":"_beforeTokenTransfer","line":60,"loc":{"start":{"line":53,"column":4},"end":{"line":63,"column":4}}},"6":{"name":"_burn","line":67,"loc":{"start":{"line":67,"column":4},"end":{"line":72,"column":4}}},"7":{"name":"tokenURI","line":74,"loc":{"start":{"line":74,"column":4},"end":{"line":81,"column":4}}},"8":{"name":"supportsInterface","line":83,"loc":{"start":{"line":83,"column":4},"end":{"line":90,"column":4}}},"9":{"name":"_mintItem","line":92,"loc":{"start":{"line":92,"column":4},"end":{"line":96,"column":4}}}},"statementMap":{"1":{"start":{"line":34,"column":8},"end":{"line":34,"column":47}},"2":{"start":{"line":35,"column":8},"end":{"line":35,"column":48}},"3":{"start":{"line":36,"column":8},"end":{"line":36,"column":21}},"4":{"start":{"line":37,"column":8},"end":{"line":37,"column":46}},"5":{"start":{"line":38,"column":8},"end":{"line":38,"column":32}},"6":{"start":{"line":39,"column":8},"end":{"line":39,"column":32}},"7":{"start":{"line":40,"column":8},"end":{"line":40,"column":24}},"8":{"start":{"line":41,"column":8},"end":{"line":41,"column":23}},"9":{"start":{"line":42,"column":8},"end":{"line":42,"column":30}},"10":{"start":{"line":46,"column":8},"end":{"line":46,"column":15}},"11":{"start":{"line":50,"column":8},"end":{"line":50,"column":17}},"12":{"start":{"line":62,"column":8},"end":{"line":62,"column":52}},"13":{"start":{"line":71,"column":8},"end":{"line":71,"column":27}},"14":{"start":{"line":80,"column":8},"end":{"line":80,"column":38}},"15":{"start":{"line":89,"column":8},"end":{"line":89,"column":51}},"16":{"start":{"line":93,"column":8},"end":{"line":93,"column":47}},"17":{"start":{"line":94,"column":8},"end":{"line":94,"column":59}},"18":{"start":{"line":95,"column":8},"end":{"line":95,"column":34}}},"branchMap":{}},
"contracts/ERC721.sol":{"l":{},"path":"/Users/lucjfer/Desktop/project/cotyphu/contract/contracts/ERC721.sol","s":{},"b":{},"f":{},"fnMap":{},"statementMap":{},"branchMap":{}},
"contracts/Greeter.sol":{"l":{"10":0,"11":0,"15":0,"19":0,"20":0},"path":"/Users/lucjfer/Desktop/project/cotyphu/contract/contracts/Greeter.sol","s":{"1":0,"2":0,"3":0,"4":0,"5":0},"b":{},"f":{"1":0,"2":0,"3":0},"fnMap":{"1":{"name":"constructor","line":9,"loc":{"start":{"line":9,"column":4},"end":{"line":12,"column":4}}},"2":{"name":"greet","line":14,"loc":{"start":{"line":14,"column":4},"end":{"line":16,"column":4}}},"3":{"name":"setGreeting","line":18,"loc":{"start":{"line":18,"column":4},"end":{"line":21,"column":4}}}},"statementMap":{"1":{"start":{"line":10,"column":8},"end":{"line":10,"column":67}},"2":{"start":{"line":11,"column":8},"end":{"line":11,"column":27}},"3":{"start":{"line":15,"column":8},"end":{"line":15,"column":23}},"4":{"start":{"line":19,"column":8},"end":{"line":19,"column":78}},"5":{"start":{"line":20,"column":8},"end":{"line":20,"column":27}}},"branchMap":{}},
"contracts/SafeMath.sol":{"l":{"14":0,"15":0,"17":0,"18":0,"19":0,"27":0,"29":0,"36":0,"37":0,"44":0,"45":0,"46":0,"56":0,"57":0,"59":0,"60":0,"61":0,"66":0,"68":0,"72":0,"73":0,"77":0,"78":0,"79":0,"89":0,"90":0,"92":0,"93":0,"94":0,"99":0,"101":0,"105":0,"106":0,"110":0,"111":0,"112":0},"path":"/Users/lucjfer/Desktop/project/cotyphu/contract/contracts/SafeMath.sol","s":{"1":0,"2":0,"3":0,"4":0,"5":0,"6":0,"7":0,"8":0,"9":0,"10":0,"11":0,"12":0,"13":0,"14":0,"15":0,"16":0,"17":0,"18":0,"19":0,"20":0,"21":0,"22":0,"23":0,"24":0,"25":0,"26":0,"27":0,"28":0,"29":0,"30":0,"31":0,"32":0,"33":0,"34":0,"35":0,"36":0},"b":{"1":[0,0],"2":[0,0],"3":[0,0]},"f":{"1":0,"2":0,"3":0,"4":0,"5":0,"6":0,"7":0,"8":0,"9":0,"10":0,"11":0,"12":0},"fnMap":{"1":{"name":"mul","line":13,"loc":{"start":{"line":13,"column":4},"end":{"line":20,"column":4}}},"2":{"name":"div","line":25,"loc":{"start":{"line":25,"column":4},"end":{"line":30,"column":4}}},"3":{"name":"sub","line":35,"loc":{"start":{"line":35,"column":4},"end":{"line":38,"column":4}}},"4":{"name":"add","line":43,"loc":{"start":{"line":43,"column":4},"end":{"line":47,"column":4}}},"5":{"name":"mul","line":55,"loc":{"start":{"line":55,"column":4},"end":{"line":62,"column":4}}},"6":{"name":"div","line":64,"loc":{"start":{"line":64,"column":4},"end":{"line":69,"column":4}}},"7":{"name":"sub","line":71,"loc":{"start":{"line":71,"column":4},"end":{"line":74,"column":4}}},"8":{"name":"add","line":76,"loc":{"start":{"line":76,"column":4},"end":{"line":80,"column":4}}},"9":{"name":"mul","line":88,"loc":{"start":{"line":88,"column":4},"end":{"line":95,"column":4}}},"10":{"name":"div","line":97,"loc":{"start":{"line":97,"column":4},"end":{"line":102,"column":4}}},"11":{"name":"sub","line":104,"loc":{"start":{"line":104,"column":4},"end":{"line":107,"column":4}}},"12":{"name":"add","line":109,"loc":{"start":{"line":109,"column":4},"end":{"line":113,"column":4}}}},"statementMap":{"1":{"start":{"line":14,"column":8},"end":{"line":14,"column":329}},"2":{"start":{"line":15,"column":12},"end":{"line":15,"column":20}},"3":{"start":{"line":17,"column":8},"end":{"line":17,"column":25}},"4":{"start":{"line":18,"column":8},"end":{"line":18,"column":25}},"5":{"start":{"line":19,"column":8},"end":{"line":19,"column":16}},"6":{"start":{"line":27,"column":8},"end":{"line":27,"column":25}},"7":{"start":{"line":29,"column":8},"end":{"line":29,"column":16}},"8":{"start":{"line":36,"column":8},"end":{"line":36,"column":21}},"9":{"start":{"line":37,"column":8},"end":{"line":37,"column":20}},"10":{"start":{"line":44,"column":8},"end":{"line":44,"column":25}},"11":{"start":{"line":45,"column":8},"end":{"line":45,"column":21}},"12":{"start":{"line":46,"column":8},"end":{"line":46,"column":16}},"13":{"start":{"line":56,"column":8},"end":{"line":56,"column":1465}},"14":{"start":{"line":57,"column":12},"end":{"line":57,"column":20}},"15":{"start":{"line":59,"column":8},"end":{"line":59,"column":24}},"16":{"start":{"line":60,"column":8},"end":{"line":60,"column":25}},"17":{"start":{"line":61,"column":8},"end":{"line":61,"column":16}},"18":{"start":{"line":66,"column":8},"end":{"line":66,"column":24}},"19":{"start":{"line":68,"column":8},"end":{"line":68,"column":16}},"20":{"start":{"line":72,"column":8},"end":{"line":72,"column":21}},"21":{"start":{"line":73,"column":8},"end":{"line":73,"column":20}},"22":{"start":{"line":77,"column":8},"end":{"line":77,"column":24}},"23":{"start":{"line":78,"column":8},"end":{"line":78,"column":21}},"24":{"start":{"line":79,"column":8},"end":{"line":79,"column":16}},"25":{"start":{"line":89,"column":8},"end":{"line":89,"column":2321}},"26":{"start":{"line":90,"column":12},"end":{"line":90,"column":20}},"27":{"start":{"line":92,"column":8},"end":{"line":92,"column":24}},"28":{"start":{"line":93,"column":8},"end":{"line":93,"column":25}},"29":{"start":{"line":94,"column":8},"end":{"line":94,"column":16}},"30":{"start":{"line":99,"column":8},"end":{"line":99,"column":24}},"31":{"start":{"line":101,"column":8},"end":{"line":101,"column":16}},"32":{"start":{"line":105,"column":8},"end":{"line":105,"column":21}},"33":{"start":{"line":106,"column":8},"end":{"line":106,"column":20}},"34":{"start":{"line":110,"column":8},"end":{"line":110,"column":24}},"35":{"start":{"line":111,"column":8},"end":{"line":111,"column":21}},"36":{"start":{"line":112,"column":8},"end":{"line":112,"column":16}}},"branchMap":{"1":{"line":14,"type":"if","locations":[{"start":{"line":14,"column":8},"end":{"line":14,"column":8}},{"start":{"line":14,"column":8},"end":{"line":14,"column":8}}]},"2":{"line":56,"type":"if","locations":[{"start":{"line":56,"column":8},"end":{"line":56,"column":8}},{"start":{"line":56,"column":8},"end":{"line":56,"column":8}}]},"3":{"line":89,"type":"if","locations":[{"start":{"line":89,"column":8},"end":{"line":89,"column":8}},{"start":{"line":89,"column":8},"end":{"line":89,"column":8}}]}}},
"contracts/StoreFactory.sol":{"l":{"42":27,"43":27,"44":27,"45":10,"50":10,"51":8,"62":8,"63":8,"64":8,"66":8,"67":1,"80":1,"81":1,"83":1,"84":1,"85":1,"87":1,"89":1,"90":1,"92":1,"102":1,"117":1,"118":0,"122":1,"130":1,"138":1,"139":1,"140":1,"141":1,"142":0,"143":1,"146":0},"path":"/Users/lucjfer/Desktop/project/cotyphu/contract/contracts/StoreFactory.sol","s":{"1":27,"2":27,"3":10,"4":10,"5":8,"6":8,"7":8,"8":8,"9":1,"10":1,"11":1,"12":1,"13":1,"14":1,"15":1,"16":1,"17":1,"18":1,"19":1,"20":1,"21":0,"22":0,"23":1,"24":1,"25":1,"26":1,"27":1,"28":1,"29":1,"30":0},"b":{"1":[8,2],"2":[1,0]},"f":{"1":27,"2":10,"3":8,"4":1,"5":1,"6":1,"7":1,"8":1,"9":1},"fnMap":{"1":{"name":"initialize","line":41,"loc":{"start":{"line":41,"column":2},"end":{"line":46,"column":2}}},"2":{"name":"onlyAgent","line":49,"loc":{"start":{"line":49,"column":2},"end":{"line":52,"column":2}}},"3":{"name":"createItem","line":61,"loc":{"start":{"line":55,"column":2},"end":{"line":68,"column":2}}},"4":{"name":"editItem","line":79,"loc":{"start":{"line":73,"column":2},"end":{"line":99,"column":2}}},"5":{"name":"setFreeItem","line":101,"loc":{"start":{"line":101,"column":2},"end":{"line":103,"column":2}}},"6":{"name":"getItem","line":107,"loc":{"start":{"line":107,"column":2},"end":{"line":119,"column":2}}},"7":{"name":"getItemsLength","line":121,"loc":{"start":{"line":121,"column":2},"end":{"line":123,"column":2}}},"8":{"name":"compareStringsbyBytes","line":125,"loc":{"start":{"line":125,"column":2},"end":{"line":131,"column":2}}},"9":{"name":"getItemsByType","line":133,"loc":{"start":{"line":133,"column":2},"end":{"line":147,"column":2}}}},"statementMap":{"1":{"start":{"line":42,"column":4},"end":{"line":42,"column":43}},"2":{"start":{"line":43,"column":4},"end":{"line":43,"column":44}},"3":{"start":{"line":44,"column":4},"end":{"line":44,"column":17}},"4":{"start":{"line":45,"column":4},"end":{"line":45,"column":19}},"5":{"start":{"line":50,"column":4},"end":{"line":50,"column":54}},"6":{"start":{"line":62,"column":4},"end":{"line":62,"column":58}},"7":{"start":{"line":63,"column":4},"end":{"line":63,"column":33}},"8":{"start":{"line":64,"column":4},"end":{"line":64,"column":61}},"9":{"start":{"line":66,"column":4},"end":{"line":66,"column":26}},"10":{"start":{"line":67,"column":4},"end":{"line":67,"column":59}},"11":{"start":{"line":80,"column":4},"end":{"line":80,"column":38}},"12":{"start":{"line":81,"column":4},"end":{"line":81,"column":69}},"13":{"start":{"line":83,"column":4},"end":{"line":83,"column":20}},"14":{"start":{"line":84,"column":4},"end":{"line":84,"column":22}},"15":{"start":{"line":85,"column":4},"end":{"line":85,"column":28}},"16":{"start":{"line":87,"column":4},"end":{"line":87,"column":61}},"17":{"start":{"line":89,"column":4},"end":{"line":89,"column":2148}},"18":{"start":{"line":90,"column":6},"end":{"line":90,"column":41}},"19":{"start":{"line":92,"column":4},"end":{"line":92,"column":2254}},"20":{"start":{"line":102,"column":4},"end":{"line":102,"column":31}},"21":{"start":{"line":117,"column":4},"end":{"line":117,"column":37}},"22":{"start":{"line":118,"column":4},"end":{"line":118,"column":66}},"23":{"start":{"line":122,"column":4},"end":{"line":122,"column":23}},"24":{"start":{"line":130,"column":4},"end":{"line":130,"column":77}},"25":{"start":{"line":138,"column":4},"end":{"line":138,"column":69}},"26":{"start":{"line":139,"column":4},"end":{"line":139,"column":23}},"27":{"start":{"line":140,"column":4},"end":{"line":140,"column":3294}},"28":{"start":{"line":141,"column":6},"end":{"line":141,"column":3347}},"29":{"start":{"line":142,"column":8},"end":{"line":142,"column":26}},"30":{"start":{"line":146,"column":4},"end":{"line":146,"column":17}}},"branchMap":{"1":{"line":50,"type":"if","locations":[{"start":{"line":50,"column":4},"end":{"line":50,"column":4}},{"start":{"line":50,"column":4},"end":{"line":50,"column":4}}]},"2":{"line":141,"type":"if","locations":[{"start":{"line":141,"column":6},"end":{"line":141,"column":6}},{"start":{"line":141,"column":6},"end":{"line":141,"column":6}}]}}},
"contracts/StoreOwnership.sol":{"l":{"29":0,"30":0,"36":2,"40":0,"44":5,"48":5,"49":5,"50":4,"52":4,"53":4,"55":4,"56":4,"57":4,"59":5,"65":4,"67":4,"68":3,"71":3,"72":3,"75":2,"79":2,"80":2,"81":1,"89":1,"90":1,"91":1,"92":1,"93":0,"94":1,"97":0,"107":0,"108":0,"109":0,"110":0,"118":0,"119":0,"120":0,"129":0,"130":0},"path":"/Users/lucjfer/Desktop/project/cotyphu/contract/contracts/StoreOwnership.sol","s":{"1":0,"2":2,"3":0,"4":5,"5":5,"6":5,"7":4,"8":4,"9":4,"10":4,"11":4,"12":5,"13":5,"14":4,"15":4,"16":3,"17":3,"18":2,"19":2,"20":2,"21":1,"22":1,"23":1,"24":1,"25":1,"26":1,"27":1,"28":0,"29":0,"30":0,"31":0,"32":0,"33":0,"34":0,"35":0,"36":0,"37":0},"b":{"1":[0,0],"2":[5,0],"3":[5,0],"4":[4,0],"5":[4,0],"6":[3,0],"7":[1,0],"8":[0,0],"9":[0,0]},"f":{"1":0,"2":2,"3":0,"4":5,"5":5,"6":5,"7":2,"8":1,"9":0,"10":0,"11":0},"fnMap":{"1":{"name":"onlyOwnerOf","line":28,"loc":{"start":{"line":28,"column":2},"end":{"line":31,"column":2}}},"2":{"name":"balanceOf","line":35,"loc":{"start":{"line":35,"column":2},"end":{"line":37,"column":2}}},"3":{"name":"ownerOf","line":39,"loc":{"start":{"line":39,"column":2},"end":{"line":41,"column":2}}},"4":{"name":"itemOwnerOf","line":43,"loc":{"start":{"line":43,"column":2},"end":{"line":45,"column":2}}},"5":{"name":"_mint","line":47,"loc":{"start":{"line":47,"column":2},"end":{"line":60,"column":2}}},"6":{"name":"buyFreeItem","line":64,"loc":{"start":{"line":64,"column":2},"end":{"line":76,"column":2}}},"7":{"name":"buyItem","line":78,"loc":{"start":{"line":78,"column":2},"end":{"line":82,"column":2}}},"8":{"name":"getTokensByOwner","line":84,"loc":{"start":{"line":84,"column":2},"end":{"line":98,"column":2}}},"9":{"name":"_transfer","line":102,"loc":{"start":{"line":102,"column":2},"end":{"line":111,"column":2}}},"10":{"name":"transferFrom","line":113,"loc":{"start":{"line":113,"column":2},"end":{"line":121,"column":2}}},"11":{"name":"approve","line":127,"loc":{"start":{"line":123,"column":2},"end":{"line":131,"column":2}}}},"statementMap":{"1":{"start":{"line":29,"column":4},"end":{"line":29,"column":66}},"2":{"start":{"line":36,"column":4},"end":{"line":36,"column":28}},"3":{"start":{"line":40,"column":4},"end":{"line":40,"column":28}},"4":{"start":{"line":44,"column":4},"end":{"line":44,"column":31}},"5":{"start":{"line":48,"column":4},"end":{"line":48,"column":65}},"6":{"start":{"line":49,"column":4},"end":{"line":49,"column":72}},"7":{"start":{"line":50,"column":4},"end":{"line":50,"column":75}},"8":{"start":{"line":52,"column":4},"end":{"line":52,"column":30}},"9":{"start":{"line":53,"column":4},"end":{"line":53,"column":40}},"10":{"start":{"line":55,"column":4},"end":{"line":55,"column":22}},"11":{"start":{"line":56,"column":4},"end":{"line":56,"column":26}},"12":{"start":{"line":57,"column":4},"end":{"line":57,"column":36}},"13":{"start":{"line":59,"column":4},"end":{"line":59,"column":44}},"14":{"start":{"line":65,"column":4},"end":{"line":65,"column":62}},"15":{"start":{"line":67,"column":4},"end":{"line":67,"column":1822}},"16":{"start":{"line":68,"column":6},"end":{"line":68,"column":60}},"17":{"start":{"line":71,"column":4},"end":{"line":71,"column":1944}},"18":{"start":{"line":72,"column":6},"end":{"line":72,"column":39}},"19":{"start":{"line":75,"column":4},"end":{"line":75,"column":29}},"20":{"start":{"line":79,"column":4},"end":{"line":79,"column":37}},"21":{"start":{"line":80,"column":4},"end":{"line":80,"column":63}},"22":{"start":{"line":81,"column":4},"end":{"line":81,"column":29}},"23":{"start":{"line":89,"column":4},"end":{"line":89,"column":62}},"24":{"start":{"line":90,"column":4},"end":{"line":90,"column":23}},"25":{"start":{"line":91,"column":4},"end":{"line":91,"column":2473}},"26":{"start":{"line":92,"column":6},"end":{"line":92,"column":2527}},"27":{"start":{"line":93,"column":8},"end":{"line":93,"column":26}},"28":{"start":{"line":97,"column":4},"end":{"line":97,"column":17}},"29":{"start":{"line":107,"column":4},"end":{"line":107,"column":41}},"30":{"start":{"line":108,"column":4},"end":{"line":108,"column":55}},"31":{"start":{"line":109,"column":4},"end":{"line":109,"column":26}},"32":{"start":{"line":110,"column":4},"end":{"line":110,"column":39}},"33":{"start":{"line":118,"column":4},"end":{"line":118,"column":76}},"34":{"start":{"line":119,"column":4},"end":{"line":119,"column":77}},"35":{"start":{"line":120,"column":4},"end":{"line":120,"column":34}},"36":{"start":{"line":129,"column":4},"end":{"line":129,"column":40}},"37":{"start":{"line":130,"column":4},"end":{"line":130,"column":50}}},"branchMap":{"1":{"line":29,"type":"if","locations":[{"start":{"line":29,"column":4},"end":{"line":29,"column":4}},{"start":{"line":29,"column":4},"end":{"line":29,"column":4}}]},"2":{"line":48,"type":"if","locations":[{"start":{"line":48,"column":4},"end":{"line":48,"column":4}},{"start":{"line":48,"column":4},"end":{"line":48,"column":4}}]},"3":{"line":49,"type":"if","locations":[{"start":{"line":49,"column":4},"end":{"line":49,"column":4}},{"start":{"line":49,"column":4},"end":{"line":49,"column":4}}]},"4":{"line":50,"type":"if","locations":[{"start":{"line":50,"column":4},"end":{"line":50,"column":4}},{"start":{"line":50,"column":4},"end":{"line":50,"column":4}}]},"5":{"line":65,"type":"if","locations":[{"start":{"line":65,"column":4},"end":{"line":65,"column":4}},{"start":{"line":65,"column":4},"end":{"line":65,"column":4}}]},"6":{"line":68,"type":"if","locations":[{"start":{"line":68,"column":6},"end":{"line":68,"column":6}},{"start":{"line":68,"column":6},"end":{"line":68,"column":6}}]},"7":{"line":92,"type":"if","locations":[{"start":{"line":92,"column":6},"end":{"line":92,"column":6}},{"start":{"line":92,"column":6},"end":{"line":92,"column":6}}]},"8":{"line":118,"type":"if","locations":[{"start":{"line":118,"column":4},"end":{"line":118,"column":4}},{"start":{"line":118,"column":4},"end":{"line":118,"column":4}}]},"9":{"line":119,"type":"if","locations":[{"start":{"line":119,"column":4},"end":{"line":119,"column":4}},{"start":{"line":119,"column":4},"end":{"line":119,"column":4}}]}}}}
