TN:
SF:/Users/lucjfer/Desktop/project/cotyphu/contract/contracts/BUNGame.sol
FN:22,initialize
FN:27,withdraw
FN:31,deposit
FN:80,constructor
FN:86,initialize
FN:95,onlyAgent
FN:105,addTypeRoom
FN:114,setTypeRoom
FN:119,totalTypeRoom
FN:127,setAgent
FN:137,setGameFee
FN:145,balanceOf
FN:153,deposit
FN:168,withdraw
FN:182,getFee
FN:190,withdrawFee
FN:205,startGame
FN:240,endGame
FN:282,forceEndGame
FNF:19
FNH:0
FNDA:0,initialize
FNDA:0,withdraw
FNDA:0,deposit
FNDA:0,constructor
FNDA:0,initialize
FNDA:0,onlyAgent
FNDA:0,addTypeRoom
FNDA:0,setTypeRoom
FNDA:0,totalTypeRoom
FNDA:0,setAgent
FNDA:0,setGameFee
FNDA:0,balanceOf
FNDA:0,deposit
FNDA:0,withdraw
FNDA:0,getFee
FNDA:0,withdrawFee
FNDA:0,startGame
FNDA:0,endGame
FNDA:0,forceEndGame
DA:23,0
DA:24,0
DA:28,0
DA:32,0
DA:87,0
DA:88,0
DA:89,0
DA:90,0
DA:91,0
DA:96,0
DA:97,0
DA:106,0
DA:107,0
DA:115,0
DA:116,0
DA:120,0
DA:128,0
DA:129,0
DA:130,0
DA:138,0
DA:139,0
DA:146,0
DA:154,0
DA:156,0
DA:158,0
DA:159,0
DA:161,0
DA:169,0
DA:173,0
DA:174,0
DA:176,0
DA:183,0
DA:191,0
DA:192,0
DA:194,0
DA:206,0
DA:207,0
DA:208,0
DA:213,0
DA:217,0
DA:218,0
DA:224,0
DA:225,0
DA:228,0
DA:229,0
DA:230,0
DA:231,0
DA:233,0
DA:241,0
DA:242,0
DA:244,0
DA:245,0
DA:246,0
DA:247,0
DA:251,0
DA:252,0
DA:254,0
DA:257,0
DA:259,0
DA:260,0
DA:262,0
DA:263,0
DA:264,0
DA:268,0
DA:274,0
DA:275,0
DA:283,0
DA:284,0
DA:285,0
DA:287,0
DA:289,0
DA:290,0
DA:293,0
DA:298,0
DA:299,0
LF:75
LH:0
BRDA:96,1,0,0
BRDA:96,1,1,0
BRDA:138,2,0,0
BRDA:138,2,1,0
BRDA:169,3,0,0
BRDA:169,3,1,0
BRDA:191,4,0,0
BRDA:191,4,1,0
BRDA:206,5,0,0
BRDA:206,5,1,0
BRDA:207,6,0,0
BRDA:207,6,1,0
BRDA:208,7,0,0
BRDA:208,7,1,0
BRDA:218,8,0,0
BRDA:218,8,1,0
BRDA:242,9,0,0
BRDA:242,9,1,0
BRDA:246,10,0,0
BRDA:246,10,1,0
BRDA:251,11,0,0
BRDA:251,11,1,0
BRDA:263,12,0,0
BRDA:263,12,1,0
BRDA:284,13,0,0
BRDA:284,13,1,0
BRF:26
BRH:0
end_of_record
TN:
SF:/Users/lucjfer/Desktop/project/cotyphu/contract/contracts/BUNGameV2.sol
FN:22,initialize
FN:27,withdraw
FN:31,deposit
FN:83,initialize
FN:92,onlyAgent
FN:102,addTypeRoom
FN:111,setTypeRoom
FN:116,totalTypeRoom
FN:124,setAgent
FN:134,setGameFee
FN:142,balanceOf
FN:150,deposit
FN:165,withdraw
FN:179,getFee
FN:187,withdrawFee
FN:202,startGame
FN:237,endGame
FN:279,forceEndGame
FNF:18
FNH:0
FNDA:0,initialize
FNDA:0,withdraw
FNDA:0,deposit
FNDA:0,initialize
FNDA:0,onlyAgent
FNDA:0,addTypeRoom
FNDA:0,setTypeRoom
FNDA:0,totalTypeRoom
FNDA:0,setAgent
FNDA:0,setGameFee
FNDA:0,balanceOf
FNDA:0,deposit
FNDA:0,withdraw
FNDA:0,getFee
FNDA:0,withdrawFee
FNDA:0,startGame
FNDA:0,endGame
FNDA:0,forceEndGame
DA:23,0
DA:24,0
DA:28,0
DA:32,0
DA:84,0
DA:85,0
DA:86,0
DA:87,0
DA:88,0
DA:93,0
DA:94,0
DA:103,0
DA:104,0
DA:112,0
DA:113,0
DA:117,0
DA:125,0
DA:126,0
DA:127,0
DA:135,0
DA:136,0
DA:143,0
DA:151,0
DA:153,0
DA:155,0
DA:156,0
DA:158,0
DA:166,0
DA:170,0
DA:171,0
DA:173,0
DA:180,0
DA:188,0
DA:189,0
DA:191,0
DA:203,0
DA:204,0
DA:205,0
DA:210,0
DA:214,0
DA:215,0
DA:221,0
DA:222,0
DA:225,0
DA:226,0
DA:227,0
DA:228,0
DA:230,0
DA:238,0
DA:239,0
DA:241,0
DA:242,0
DA:243,0
DA:244,0
DA:248,0
DA:249,0
DA:251,0
DA:254,0
DA:256,0
DA:257,0
DA:259,0
DA:260,0
DA:261,0
DA:265,0
DA:271,0
DA:272,0
DA:280,0
DA:281,0
DA:282,0
DA:284,0
DA:286,0
DA:287,0
DA:290,0
DA:295,0
DA:296,0
LF:75
LH:0
BRDA:93,1,0,0
BRDA:93,1,1,0
BRDA:135,2,0,0
BRDA:135,2,1,0
BRDA:166,3,0,0
BRDA:166,3,1,0
BRDA:188,4,0,0
BRDA:188,4,1,0
BRDA:203,5,0,0
BRDA:203,5,1,0
BRDA:204,6,0,0
BRDA:204,6,1,0
BRDA:205,7,0,0
BRDA:205,7,1,0
BRDA:215,8,0,0
BRDA:215,8,1,0
BRDA:239,9,0,0
BRDA:239,9,1,0
BRDA:243,10,0,0
BRDA:243,10,1,0
BRDA:248,11,0,0
BRDA:248,11,1,0
BRDA:260,12,0,0
BRDA:260,12,1,0
BRDA:281,13,0,0
BRDA:281,13,1,0
BRF:26
BRH:0
end_of_record
TN:
SF:/Users/lucjfer/Desktop/project/cotyphu/contract/contracts/BunNFT.sol
FN:18,constructor
FN:20,initialize
FN:28,pause
FN:32,unpause
FN:36,safeMint
FN:43,_beforeTokenTransfer
FN:51,supportsInterface
FN:60,currentCounter
FNF:8
FNH:0
FNDA:0,constructor
FNDA:0,initialize
FNDA:0,pause
FNDA:0,unpause
FNDA:0,safeMint
FNDA:0,_beforeTokenTransfer
FNDA:0,supportsInterface
FNDA:0,currentCounter
DA:21,0
DA:22,0
DA:23,0
DA:24,0
DA:25,0
DA:29,0
DA:33,0
DA:37,0
DA:38,0
DA:46,0
DA:57,0
DA:61,0
LF:12
LH:0
BRF:0
BRH:0
end_of_record
TN:
SF:/Users/lucjfer/Desktop/project/cotyphu/contract/contracts/BunRewardVault.sol
FN:21,initialize
FN:26,withdraw
FN:30,deposit
FNF:3
FNH:2
FNDA:42,initialize
FNDA:0,withdraw
FNDA:5,deposit
DA:22,42
DA:23,42
DA:27,0
DA:31,5
LF:4
LH:3
BRF:0
BRH:0
end_of_record
TN:
SF:/Users/lucjfer/Desktop/project/cotyphu/contract/contracts/BunToken.sol
FN:9,constructor
FN:13,mint
FNF:2
FNH:1
FNDA:45,constructor
FNDA:0,mint
DA:10,45
DA:14,0
LF:2
LH:1
BRF:0
BRH:0
end_of_record
TN:
SF:/Users/lucjfer/Desktop/project/cotyphu/contract/contracts/EliteWorld.sol
FN:27,onlyAgent
FN:32,itemExist
FN:37,itemNotExist
FN:47,getItemId
FN:53,compareStringsbyBytes
FN:62,getItemsLength
FN:66,getItemsByType
FN:90,setItem
FN:97,editPriceItem
FN:106,setFreeItem
FN:116,buyFreeItems
FN:169,buyItem
FNF:12
FNH:10
FNDA:10,onlyAgent
FNDA:9,itemExist
FNDA:8,itemNotExist
FNDA:8,getItemId
FNDA:4,compareStringsbyBytes
FNDA:0,getItemsLength
FNDA:0,getItemsByType
FNDA:8,setItem
FNDA:1,editPriceItem
FNDA:1,setFreeItem
FNDA:2,buyFreeItems
FNDA:3,buyItem
DA:28,10
DA:29,10
DA:33,9
DA:34,9
DA:38,8
DA:39,8
DA:50,8
DA:58,4
DA:63,0
DA:71,0
DA:72,0
DA:73,0
DA:74,0
DA:75,0
DA:76,0
DA:79,0
DA:91,8
DA:92,8
DA:93,8
DA:94,8
DA:98,1
DA:99,1
DA:100,1
DA:108,1
DA:122,2
DA:123,1
DA:124,1
DA:125,1
DA:126,1
DA:128,1
DA:129,1
DA:130,1
DA:131,1
DA:132,1
DA:136,1
DA:140,1
DA:144,1
DA:149,1
DA:150,1
DA:151,1
DA:153,1
DA:154,1
DA:155,1
DA:157,1
DA:158,1
DA:159,1
DA:161,1
DA:162,1
DA:163,1
DA:165,1
DA:170,3
DA:171,3
DA:172,3
DA:174,3
DA:176,3
LF:55
LH:47
BRDA:28,1,0,10
BRDA:28,1,1,0
BRDA:33,2,0,9
BRDA:33,2,1,0
BRDA:38,3,0,8
BRDA:38,3,1,0
BRDA:74,4,0,0
BRDA:74,4,1,0
BRDA:122,5,0,1
BRDA:122,5,1,1
BRDA:123,6,0,1
BRDA:123,6,1,0
BRDA:124,7,0,1
BRDA:124,7,1,0
BRDA:125,8,0,1
BRDA:125,8,1,0
BRDA:126,9,0,1
BRDA:126,9,1,0
BRDA:132,10,0,1
BRDA:132,10,1,0
BRDA:136,11,0,1
BRDA:136,11,1,0
BRDA:140,12,0,1
BRDA:140,12,1,0
BRDA:144,13,0,1
BRDA:144,13,1,0
BRDA:172,14,0,3
BRDA:172,14,1,0
BRF:28
BRH:14
end_of_record
TN:
SF:/Users/lucjfer/Desktop/project/cotyphu/contract/contracts/EliteWorldNFT.sol
FN:31,constructor
FN:33,initialize
FN:45,pause
FN:49,unpause
FN:60,_beforeTokenTransfer
FN:67,_burn
FN:74,tokenURI
FN:83,supportsInterface
FN:92,_mintItem
FNF:9
FNH:4
FNDA:3,constructor
FNDA:15,initialize
FNDA:0,pause
FNDA:0,unpause
FNDA:7,_beforeTokenTransfer
FNDA:0,_burn
FNDA:0,tokenURI
FNDA:0,supportsInterface
FNDA:7,_mintItem
DA:34,15
DA:35,15
DA:36,15
DA:37,15
DA:38,15
DA:39,15
DA:40,15
DA:41,15
DA:42,15
DA:46,0
DA:50,0
DA:62,7
DA:71,0
DA:80,0
DA:89,0
DA:93,7
DA:94,7
DA:95,7
LF:18
LH:13
BRF:0
BRH:0
end_of_record
TN:
SF:/Users/lucjfer/Desktop/project/cotyphu/contract/contracts/ERC721.sol
FNF:0
FNH:0
LF:0
LH:0
BRF:0
BRH:0
end_of_record
TN:
SF:/Users/lucjfer/Desktop/project/cotyphu/contract/contracts/Greeter.sol
FN:9,constructor
FN:14,greet
FN:18,setGreeting
FNF:3
FNH:0
FNDA:0,constructor
FNDA:0,greet
FNDA:0,setGreeting
DA:10,0
DA:11,0
DA:15,0
DA:19,0
DA:20,0
LF:5
LH:0
BRF:0
BRH:0
end_of_record
TN:
SF:/Users/lucjfer/Desktop/project/cotyphu/contract/contracts/SafeMath.sol
FN:13,mul
FN:25,div
FN:35,sub
FN:43,add
FN:55,mul
FN:64,div
FN:71,sub
FN:76,add
FN:88,mul
FN:97,div
FN:104,sub
FN:109,add
FNF:12
FNH:0
FNDA:0,mul
FNDA:0,div
FNDA:0,sub
FNDA:0,add
FNDA:0,mul
FNDA:0,div
FNDA:0,sub
FNDA:0,add
FNDA:0,mul
FNDA:0,div
FNDA:0,sub
FNDA:0,add
DA:14,0
DA:15,0
DA:17,0
DA:18,0
DA:19,0
DA:27,0
DA:29,0
DA:36,0
DA:37,0
DA:44,0
DA:45,0
DA:46,0
DA:56,0
DA:57,0
DA:59,0
DA:60,0
DA:61,0
DA:66,0
DA:68,0
DA:72,0
DA:73,0
DA:77,0
DA:78,0
DA:79,0
DA:89,0
DA:90,0
DA:92,0
DA:93,0
DA:94,0
DA:99,0
DA:101,0
DA:105,0
DA:106,0
DA:110,0
DA:111,0
DA:112,0
LF:36
LH:0
BRDA:14,1,0,0
BRDA:14,1,1,0
BRDA:56,2,0,0
BRDA:56,2,1,0
BRDA:89,3,0,0
BRDA:89,3,1,0
BRF:6
BRH:0
end_of_record
TN:
SF:/Users/lucjfer/Desktop/project/cotyphu/contract/contracts/StoreFactory.sol
FN:41,initialize
FN:49,onlyAgent
FN:61,createItem
FN:79,editItem
FN:101,setFreeItem
FN:107,getItem
FN:121,getItemsLength
FN:125,compareStringsbyBytes
FN:133,getItemsByType
FNF:9
FNH:9
FNDA:27,initialize
FNDA:10,onlyAgent
FNDA:8,createItem
FNDA:1,editItem
FNDA:1,setFreeItem
FNDA:1,getItem
FNDA:1,getItemsLength
FNDA:1,compareStringsbyBytes
FNDA:1,getItemsByType
DA:42,27
DA:43,27
DA:44,27
DA:45,10
DA:50,10
DA:51,8
DA:62,8
DA:63,8
DA:64,8
DA:66,8
DA:67,1
DA:80,1
DA:81,1
DA:83,1
DA:84,1
DA:85,1
DA:87,1
DA:89,1
DA:90,1
DA:92,1
DA:102,1
DA:117,1
DA:118,0
DA:122,1
DA:130,1
DA:138,1
DA:139,1
DA:140,1
DA:141,1
DA:142,0
DA:143,1
DA:146,0
LF:32
LH:29
BRDA:50,1,0,8
BRDA:50,1,1,2
BRDA:141,2,0,1
BRDA:141,2,1,0
BRF:4
BRH:3
end_of_record
TN:
SF:/Users/lucjfer/Desktop/project/cotyphu/contract/contracts/StoreOwnership.sol
FN:28,onlyOwnerOf
FN:35,balanceOf
FN:39,ownerOf
FN:43,itemOwnerOf
FN:47,_mint
FN:64,buyFreeItem
FN:78,buyItem
FN:84,getTokensByOwner
FN:102,_transfer
FN:113,transferFrom
FN:127,approve
FNF:11
FNH:6
FNDA:0,onlyOwnerOf
FNDA:2,balanceOf
FNDA:0,ownerOf
FNDA:5,itemOwnerOf
FNDA:5,_mint
FNDA:5,buyFreeItem
FNDA:2,buyItem
FNDA:1,getTokensByOwner
FNDA:0,_transfer
FNDA:0,transferFrom
FNDA:0,approve
DA:29,0
DA:30,0
DA:36,2
DA:40,0
DA:44,5
DA:48,5
DA:49,5
DA:50,4
DA:52,4
DA:53,4
DA:55,4
DA:56,4
DA:57,4
DA:59,5
DA:65,4
DA:67,4
DA:68,3
DA:71,3
DA:72,3
DA:75,2
DA:79,2
DA:80,2
DA:81,1
DA:89,1
DA:90,1
DA:91,1
DA:92,1
DA:93,0
DA:94,1
DA:97,0
DA:107,0
DA:108,0
DA:109,0
DA:110,0
DA:118,0
DA:119,0
DA:120,0
DA:129,0
DA:130,0
LF:39
LH:25
BRDA:29,1,0,0
BRDA:29,1,1,0
BRDA:48,2,0,5
BRDA:48,2,1,0
BRDA:49,3,0,5
BRDA:49,3,1,0
BRDA:50,4,0,4
BRDA:50,4,1,0
BRDA:65,5,0,4
BRDA:65,5,1,0
BRDA:68,6,0,3
BRDA:68,6,1,0
BRDA:92,7,0,1
BRDA:92,7,1,0
BRDA:118,8,0,0
BRDA:118,8,1,0
BRDA:119,9,0,0
BRDA:119,9,1,0
BRF:18
BRH:6
end_of_record
